<?xml version="1.0" encoding="UTF-8" ?>

<testsuite failures="0" time="0.017" errors="0" skipped="0" tests="2" name="ApplicationTest">
  <testcase classname="ApplicationTest" name="testThatIndexPageWorks" time="0.008">
      </testcase>
  <testcase classname="ApplicationTest" name="testThatHandleUsersPageWorks" time="0.009">
      </testcase>
</testsuite>
